<?xml version="1.0" encoding="utf-8"?><testsuites name="pytest tests"><testsuite name="pytest" errors="24" failures="0" skipped="0" tests="24" time="5.186" timestamp="2026-02-13T11:02:03.583678+00:00" hostname="agent-env-02573f02-d223-4f6d-b2f9-210c84955a30"><testcase classname="backend.tests.test_maintenance_billing.TestMaintenanceSettings" name="test_get_maintenance_settings" time="4.590"><error message="failed on setup with &quot;Failed: ScopeMismatch: You tried to access the function scoped fixture manager_client with a class scoped request object. Requesting fixture stack:&#10;backend/tests/test_maintenance_billing.py:690:  def cleanup_test_schemes(manager_client, society_id)&#10;Requested fixture:&#10;backend/tests/conftest.py:54:  def manager_client(api_client, manager_auth)&quot;">ScopeMismatch: You tried to access the function scoped fixture manager_client with a class scoped request object. Requesting fixture stack:
backend/tests/test_maintenance_billing.py:690:  def cleanup_test_schemes(manager_client, society_id)
Requested fixture:
backend/tests/conftest.py:54:  def manager_client(api_client, manager_auth)</error></testcase><testcase classname="backend.tests.test_maintenance_billing.TestMaintenanceSettings" name="test_update_maintenance_settings" time="0.000"><error message="failed on setup with &quot;Failed: ScopeMismatch: You tried to access the function scoped fixture manager_client with a class scoped request object. Requesting fixture stack:&#10;backend/tests/test_maintenance_billing.py:690:  def cleanup_test_schemes(manager_client, society_id)&#10;Requested fixture:&#10;backend/tests/conftest.py:54:  def manager_client(api_client, manager_auth)&quot;">ScopeMismatch: You tried to access the function scoped fixture manager_client with a class scoped request object. Requesting fixture stack:
backend/tests/test_maintenance_billing.py:690:  def cleanup_test_schemes(manager_client, society_id)
Requested fixture:
backend/tests/conftest.py:54:  def manager_client(api_client, manager_auth)</error></testcase><testcase classname="backend.tests.test_maintenance_billing.TestMaintenanceSettings" name="test_member_cannot_update_settings" time="0.329"><error message="failed on setup with &quot;Failed: ScopeMismatch: You tried to access the function scoped fixture manager_client with a class scoped request object. Requesting fixture stack:&#10;backend/tests/test_maintenance_billing.py:690:  def cleanup_test_schemes(manager_client, society_id)&#10;Requested fixture:&#10;backend/tests/conftest.py:54:  def manager_client(api_client, manager_auth)&quot;">ScopeMismatch: You tried to access the function scoped fixture manager_client with a class scoped request object. Requesting fixture stack:
backend/tests/test_maintenance_billing.py:690:  def cleanup_test_schemes(manager_client, society_id)
Requested fixture:
backend/tests/conftest.py:54:  def manager_client(api_client, manager_auth)</error></testcase><testcase classname="backend.tests.test_maintenance_billing.TestDiscountSchemes" name="test_list_discount_schemes" time="0.000"><error message="failed on setup with &quot;Failed: ScopeMismatch: You tried to access the function scoped fixture manager_client with a class scoped request object. Requesting fixture stack:&#10;backend/tests/test_maintenance_billing.py:690:  def cleanup_test_schemes(manager_client, society_id)&#10;Requested fixture:&#10;backend/tests/conftest.py:54:  def manager_client(api_client, manager_auth)&quot;">ScopeMismatch: You tried to access the function scoped fixture manager_client with a class scoped request object. Requesting fixture stack:
backend/tests/test_maintenance_billing.py:690:  def cleanup_test_schemes(manager_client, society_id)
Requested fixture:
backend/tests/conftest.py:54:  def manager_client(api_client, manager_auth)</error></testcase><testcase classname="backend.tests.test_maintenance_billing.TestDiscountSchemes" name="test_create_pay_12_get_1_free_scheme" time="0.000"><error message="failed on setup with &quot;Failed: ScopeMismatch: You tried to access the function scoped fixture manager_client with a class scoped request object. Requesting fixture stack:&#10;backend/tests/test_maintenance_billing.py:690:  def cleanup_test_schemes(manager_client, society_id)&#10;Requested fixture:&#10;backend/tests/conftest.py:54:  def manager_client(api_client, manager_auth)&quot;">ScopeMismatch: You tried to access the function scoped fixture manager_client with a class scoped request object. Requesting fixture stack:
backend/tests/test_maintenance_billing.py:690:  def cleanup_test_schemes(manager_client, society_id)
Requested fixture:
backend/tests/conftest.py:54:  def manager_client(api_client, manager_auth)</error></testcase><testcase classname="backend.tests.test_maintenance_billing.TestDiscountSchemes" name="test_create_percentage_discount_scheme" time="0.000"><error message="failed on setup with &quot;Failed: ScopeMismatch: You tried to access the function scoped fixture manager_client with a class scoped request object. Requesting fixture stack:&#10;backend/tests/test_maintenance_billing.py:690:  def cleanup_test_schemes(manager_client, society_id)&#10;Requested fixture:&#10;backend/tests/conftest.py:54:  def manager_client(api_client, manager_auth)&quot;">ScopeMismatch: You tried to access the function scoped fixture manager_client with a class scoped request object. Requesting fixture stack:
backend/tests/test_maintenance_billing.py:690:  def cleanup_test_schemes(manager_client, society_id)
Requested fixture:
backend/tests/conftest.py:54:  def manager_client(api_client, manager_auth)</error></testcase><testcase classname="backend.tests.test_maintenance_billing.TestDiscountSchemes" name="test_update_discount_scheme" time="0.000"><error message="failed on setup with &quot;Failed: ScopeMismatch: You tried to access the function scoped fixture manager_client with a class scoped request object. Requesting fixture stack:&#10;backend/tests/test_maintenance_billing.py:690:  def cleanup_test_schemes(manager_client, society_id)&#10;Requested fixture:&#10;backend/tests/conftest.py:54:  def manager_client(api_client, manager_auth)&quot;">ScopeMismatch: You tried to access the function scoped fixture manager_client with a class scoped request object. Requesting fixture stack:
backend/tests/test_maintenance_billing.py:690:  def cleanup_test_schemes(manager_client, society_id)
Requested fixture:
backend/tests/conftest.py:54:  def manager_client(api_client, manager_auth)</error></testcase><testcase classname="backend.tests.test_maintenance_billing.TestDiscountSchemes" name="test_delete_discount_scheme" time="0.000"><error message="failed on setup with &quot;Failed: ScopeMismatch: You tried to access the function scoped fixture manager_client with a class scoped request object. Requesting fixture stack:&#10;backend/tests/test_maintenance_billing.py:690:  def cleanup_test_schemes(manager_client, society_id)&#10;Requested fixture:&#10;backend/tests/conftest.py:54:  def manager_client(api_client, manager_auth)&quot;">ScopeMismatch: You tried to access the function scoped fixture manager_client with a class scoped request object. Requesting fixture stack:
backend/tests/test_maintenance_billing.py:690:  def cleanup_test_schemes(manager_client, society_id)
Requested fixture:
backend/tests/conftest.py:54:  def manager_client(api_client, manager_auth)</error></testcase><testcase classname="backend.tests.test_maintenance_billing.TestBillPreviewAndGeneration" name="test_preview_monthly_bills" time="0.000"><error message="failed on setup with &quot;Failed: ScopeMismatch: You tried to access the function scoped fixture manager_client with a class scoped request object. Requesting fixture stack:&#10;backend/tests/test_maintenance_billing.py:690:  def cleanup_test_schemes(manager_client, society_id)&#10;Requested fixture:&#10;backend/tests/conftest.py:54:  def manager_client(api_client, manager_auth)&quot;">ScopeMismatch: You tried to access the function scoped fixture manager_client with a class scoped request object. Requesting fixture stack:
backend/tests/test_maintenance_billing.py:690:  def cleanup_test_schemes(manager_client, society_id)
Requested fixture:
backend/tests/conftest.py:54:  def manager_client(api_client, manager_auth)</error></testcase><testcase classname="backend.tests.test_maintenance_billing.TestBillPreviewAndGeneration" name="test_preview_yearly_bills_with_discount" time="0.000"><error message="failed on setup with &quot;Failed: ScopeMismatch: You tried to access the function scoped fixture manager_client with a class scoped request object. Requesting fixture stack:&#10;backend/tests/test_maintenance_billing.py:690:  def cleanup_test_schemes(manager_client, society_id)&#10;Requested fixture:&#10;backend/tests/conftest.py:54:  def manager_client(api_client, manager_auth)&quot;">ScopeMismatch: You tried to access the function scoped fixture manager_client with a class scoped request object. Requesting fixture stack:
backend/tests/test_maintenance_billing.py:690:  def cleanup_test_schemes(manager_client, society_id)
Requested fixture:
backend/tests/conftest.py:54:  def manager_client(api_client, manager_auth)</error></testcase><testcase classname="backend.tests.test_maintenance_billing.TestBillPreviewAndGeneration" name="test_generate_monthly_bills" time="0.000"><error message="failed on setup with &quot;Failed: ScopeMismatch: You tried to access the function scoped fixture manager_client with a class scoped request object. Requesting fixture stack:&#10;backend/tests/test_maintenance_billing.py:690:  def cleanup_test_schemes(manager_client, society_id)&#10;Requested fixture:&#10;backend/tests/conftest.py:54:  def manager_client(api_client, manager_auth)&quot;">ScopeMismatch: You tried to access the function scoped fixture manager_client with a class scoped request object. Requesting fixture stack:
backend/tests/test_maintenance_billing.py:690:  def cleanup_test_schemes(manager_client, society_id)
Requested fixture:
backend/tests/conftest.py:54:  def manager_client(api_client, manager_auth)</error></testcase><testcase classname="backend.tests.test_maintenance_billing.TestBillPreviewAndGeneration" name="test_duplicate_bill_generation_fails" time="0.000"><error message="failed on setup with &quot;Failed: ScopeMismatch: You tried to access the function scoped fixture manager_client with a class scoped request object. Requesting fixture stack:&#10;backend/tests/test_maintenance_billing.py:690:  def cleanup_test_schemes(manager_client, society_id)&#10;Requested fixture:&#10;backend/tests/conftest.py:54:  def manager_client(api_client, manager_auth)&quot;">ScopeMismatch: You tried to access the function scoped fixture manager_client with a class scoped request object. Requesting fixture stack:
backend/tests/test_maintenance_billing.py:690:  def cleanup_test_schemes(manager_client, society_id)
Requested fixture:
backend/tests/conftest.py:54:  def manager_client(api_client, manager_auth)</error></testcase><testcase classname="backend.tests.test_maintenance_billing.TestBillsListing" name="test_list_all_bills" time="0.000"><error message="failed on setup with &quot;Failed: ScopeMismatch: You tried to access the function scoped fixture manager_client with a class scoped request object. Requesting fixture stack:&#10;backend/tests/test_maintenance_billing.py:690:  def cleanup_test_schemes(manager_client, society_id)&#10;Requested fixture:&#10;backend/tests/conftest.py:54:  def manager_client(api_client, manager_auth)&quot;">ScopeMismatch: You tried to access the function scoped fixture manager_client with a class scoped request object. Requesting fixture stack:
backend/tests/test_maintenance_billing.py:690:  def cleanup_test_schemes(manager_client, society_id)
Requested fixture:
backend/tests/conftest.py:54:  def manager_client(api_client, manager_auth)</error></testcase><testcase classname="backend.tests.test_maintenance_billing.TestBillsListing" name="test_list_bills_with_filters" time="0.000"><error message="failed on setup with &quot;Failed: ScopeMismatch: You tried to access the function scoped fixture manager_client with a class scoped request object. Requesting fixture stack:&#10;backend/tests/test_maintenance_billing.py:690:  def cleanup_test_schemes(manager_client, society_id)&#10;Requested fixture:&#10;backend/tests/conftest.py:54:  def manager_client(api_client, manager_auth)&quot;">ScopeMismatch: You tried to access the function scoped fixture manager_client with a class scoped request object. Requesting fixture stack:
backend/tests/test_maintenance_billing.py:690:  def cleanup_test_schemes(manager_client, society_id)
Requested fixture:
backend/tests/conftest.py:54:  def manager_client(api_client, manager_auth)</error></testcase><testcase classname="backend.tests.test_maintenance_billing.TestBillsListing" name="test_member_sees_only_own_bills" time="0.000"><error message="failed on setup with &quot;Failed: ScopeMismatch: You tried to access the function scoped fixture manager_client with a class scoped request object. Requesting fixture stack:&#10;backend/tests/test_maintenance_billing.py:690:  def cleanup_test_schemes(manager_client, society_id)&#10;Requested fixture:&#10;backend/tests/conftest.py:54:  def manager_client(api_client, manager_auth)&quot;">ScopeMismatch: You tried to access the function scoped fixture manager_client with a class scoped request object. Requesting fixture stack:
backend/tests/test_maintenance_billing.py:690:  def cleanup_test_schemes(manager_client, society_id)
Requested fixture:
backend/tests/conftest.py:54:  def manager_client(api_client, manager_auth)</error></testcase><testcase classname="backend.tests.test_maintenance_billing.TestAnnualPaymentPreview" name="test_annual_payment_preview" time="0.171"><error message="failed on setup with &quot;Failed: ScopeMismatch: You tried to access the function scoped fixture manager_client with a class scoped request object. Requesting fixture stack:&#10;backend/tests/test_maintenance_billing.py:690:  def cleanup_test_schemes(manager_client, society_id)&#10;Requested fixture:&#10;backend/tests/conftest.py:54:  def manager_client(api_client, manager_auth)&quot;">ScopeMismatch: You tried to access the function scoped fixture manager_client with a class scoped request object. Requesting fixture stack:
backend/tests/test_maintenance_billing.py:690:  def cleanup_test_schemes(manager_client, society_id)
Requested fixture:
backend/tests/conftest.py:54:  def manager_client(api_client, manager_auth)</error></testcase><testcase classname="backend.tests.test_maintenance_billing.TestPayments" name="test_record_payment" time="0.000"><error message="failed on setup with &quot;Failed: ScopeMismatch: You tried to access the function scoped fixture manager_client with a class scoped request object. Requesting fixture stack:&#10;backend/tests/test_maintenance_billing.py:690:  def cleanup_test_schemes(manager_client, society_id)&#10;Requested fixture:&#10;backend/tests/conftest.py:54:  def manager_client(api_client, manager_auth)&quot;">ScopeMismatch: You tried to access the function scoped fixture manager_client with a class scoped request object. Requesting fixture stack:
backend/tests/test_maintenance_billing.py:690:  def cleanup_test_schemes(manager_client, society_id)
Requested fixture:
backend/tests/conftest.py:54:  def manager_client(api_client, manager_auth)</error></testcase><testcase classname="backend.tests.test_maintenance_billing.TestPayments" name="test_list_payments" time="0.000"><error message="failed on setup with &quot;Failed: ScopeMismatch: You tried to access the function scoped fixture manager_client with a class scoped request object. Requesting fixture stack:&#10;backend/tests/test_maintenance_billing.py:690:  def cleanup_test_schemes(manager_client, society_id)&#10;Requested fixture:&#10;backend/tests/conftest.py:54:  def manager_client(api_client, manager_auth)&quot;">ScopeMismatch: You tried to access the function scoped fixture manager_client with a class scoped request object. Requesting fixture stack:
backend/tests/test_maintenance_billing.py:690:  def cleanup_test_schemes(manager_client, society_id)
Requested fixture:
backend/tests/conftest.py:54:  def manager_client(api_client, manager_auth)</error></testcase><testcase classname="backend.tests.test_maintenance_billing.TestLedger" name="test_get_flat_ledger" time="0.000"><error message="failed on setup with &quot;Failed: ScopeMismatch: You tried to access the function scoped fixture manager_client with a class scoped request object. Requesting fixture stack:&#10;backend/tests/test_maintenance_billing.py:690:  def cleanup_test_schemes(manager_client, society_id)&#10;Requested fixture:&#10;backend/tests/conftest.py:54:  def manager_client(api_client, manager_auth)&quot;">ScopeMismatch: You tried to access the function scoped fixture manager_client with a class scoped request object. Requesting fixture stack:
backend/tests/test_maintenance_billing.py:690:  def cleanup_test_schemes(manager_client, society_id)
Requested fixture:
backend/tests/conftest.py:54:  def manager_client(api_client, manager_auth)</error></testcase><testcase classname="backend.tests.test_maintenance_billing.TestLedger" name="test_member_can_view_own_ledger" time="0.000"><error message="failed on setup with &quot;Failed: ScopeMismatch: You tried to access the function scoped fixture manager_client with a class scoped request object. Requesting fixture stack:&#10;backend/tests/test_maintenance_billing.py:690:  def cleanup_test_schemes(manager_client, society_id)&#10;Requested fixture:&#10;backend/tests/conftest.py:54:  def manager_client(api_client, manager_auth)&quot;">ScopeMismatch: You tried to access the function scoped fixture manager_client with a class scoped request object. Requesting fixture stack:
backend/tests/test_maintenance_billing.py:690:  def cleanup_test_schemes(manager_client, society_id)
Requested fixture:
backend/tests/conftest.py:54:  def manager_client(api_client, manager_auth)</error></testcase><testcase classname="backend.tests.test_maintenance_billing.TestCollectionDashboard" name="test_get_collection_dashboard" time="0.000"><error message="failed on setup with &quot;Failed: ScopeMismatch: You tried to access the function scoped fixture manager_client with a class scoped request object. Requesting fixture stack:&#10;backend/tests/test_maintenance_billing.py:690:  def cleanup_test_schemes(manager_client, society_id)&#10;Requested fixture:&#10;backend/tests/conftest.py:54:  def manager_client(api_client, manager_auth)&quot;">ScopeMismatch: You tried to access the function scoped fixture manager_client with a class scoped request object. Requesting fixture stack:
backend/tests/test_maintenance_billing.py:690:  def cleanup_test_schemes(manager_client, society_id)
Requested fixture:
backend/tests/conftest.py:54:  def manager_client(api_client, manager_auth)</error></testcase><testcase classname="backend.tests.test_maintenance_billing.TestCollectionDashboard" name="test_collection_dashboard_with_filters" time="0.000"><error message="failed on setup with &quot;Failed: ScopeMismatch: You tried to access the function scoped fixture manager_client with a class scoped request object. Requesting fixture stack:&#10;backend/tests/test_maintenance_billing.py:690:  def cleanup_test_schemes(manager_client, society_id)&#10;Requested fixture:&#10;backend/tests/conftest.py:54:  def manager_client(api_client, manager_auth)&quot;">ScopeMismatch: You tried to access the function scoped fixture manager_client with a class scoped request object. Requesting fixture stack:
backend/tests/test_maintenance_billing.py:690:  def cleanup_test_schemes(manager_client, society_id)
Requested fixture:
backend/tests/conftest.py:54:  def manager_client(api_client, manager_auth)</error></testcase><testcase classname="backend.tests.test_maintenance_billing.TestReceipts" name="test_get_receipt" time="0.000"><error message="failed on setup with &quot;Failed: ScopeMismatch: You tried to access the function scoped fixture manager_client with a class scoped request object. Requesting fixture stack:&#10;backend/tests/test_maintenance_billing.py:690:  def cleanup_test_schemes(manager_client, society_id)&#10;Requested fixture:&#10;backend/tests/conftest.py:54:  def manager_client(api_client, manager_auth)&quot;">ScopeMismatch: You tried to access the function scoped fixture manager_client with a class scoped request object. Requesting fixture stack:
backend/tests/test_maintenance_billing.py:690:  def cleanup_test_schemes(manager_client, society_id)
Requested fixture:
backend/tests/conftest.py:54:  def manager_client(api_client, manager_auth)</error></testcase><testcase classname="backend.tests.test_maintenance_billing.TestOverdueProcessing" name="test_process_overdue_bills" time="0.000"><error message="failed on setup with &quot;Failed: ScopeMismatch: You tried to access the function scoped fixture manager_client with a class scoped request object. Requesting fixture stack:&#10;backend/tests/test_maintenance_billing.py:690:  def cleanup_test_schemes(manager_client, society_id)&#10;Requested fixture:&#10;backend/tests/conftest.py:54:  def manager_client(api_client, manager_auth)&quot;">ScopeMismatch: You tried to access the function scoped fixture manager_client with a class scoped request object. Requesting fixture stack:
backend/tests/test_maintenance_billing.py:690:  def cleanup_test_schemes(manager_client, society_id)
Requested fixture:
backend/tests/conftest.py:54:  def manager_client(api_client, manager_auth)</error></testcase></testsuite></testsuites>