<?xml version="1.0" encoding="utf-8"?><testsuites name="pytest tests"><testsuite name="pytest" errors="0" failures="0" skipped="0" tests="24" time="6.320" timestamp="2026-02-13T11:03:00.415974+00:00" hostname="agent-env-02573f02-d223-4f6d-b2f9-210c84955a30"><testcase classname="backend.tests.test_maintenance_billing.TestMaintenanceSettings" name="test_get_maintenance_settings" time="2.446" /><testcase classname="backend.tests.test_maintenance_billing.TestMaintenanceSettings" name="test_update_maintenance_settings" time="0.245" /><testcase classname="backend.tests.test_maintenance_billing.TestMaintenanceSettings" name="test_member_cannot_update_settings" time="0.444" /><testcase classname="backend.tests.test_maintenance_billing.TestDiscountSchemes" name="test_list_discount_schemes" time="0.095" /><testcase classname="backend.tests.test_maintenance_billing.TestDiscountSchemes" name="test_create_pay_12_get_1_free_scheme" time="0.134" /><testcase classname="backend.tests.test_maintenance_billing.TestDiscountSchemes" name="test_create_percentage_discount_scheme" time="0.069" /><testcase classname="backend.tests.test_maintenance_billing.TestDiscountSchemes" name="test_update_discount_scheme" time="0.338" /><testcase classname="backend.tests.test_maintenance_billing.TestDiscountSchemes" name="test_delete_discount_scheme" time="0.213" /><testcase classname="backend.tests.test_maintenance_billing.TestBillPreviewAndGeneration" name="test_preview_monthly_bills" time="0.098" /><testcase classname="backend.tests.test_maintenance_billing.TestBillPreviewAndGeneration" name="test_preview_yearly_bills_with_discount" time="0.146" /><testcase classname="backend.tests.test_maintenance_billing.TestBillPreviewAndGeneration" name="test_generate_monthly_bills" time="0.210" /><testcase classname="backend.tests.test_maintenance_billing.TestBillPreviewAndGeneration" name="test_duplicate_bill_generation_fails" time="0.094" /><testcase classname="backend.tests.test_maintenance_billing.TestBillsListing" name="test_list_all_bills" time="0.094" /><testcase classname="backend.tests.test_maintenance_billing.TestBillsListing" name="test_list_bills_with_filters" time="0.069" /><testcase classname="backend.tests.test_maintenance_billing.TestBillsListing" name="test_member_sees_only_own_bills" time="0.073" /><testcase classname="backend.tests.test_maintenance_billing.TestAnnualPaymentPreview" name="test_annual_payment_preview" time="0.245" /><testcase classname="backend.tests.test_maintenance_billing.TestPayments" name="test_record_payment" time="0.393" /><testcase classname="backend.tests.test_maintenance_billing.TestPayments" name="test_list_payments" time="0.058" /><testcase classname="backend.tests.test_maintenance_billing.TestLedger" name="test_get_flat_ledger" time="0.058" /><testcase classname="backend.tests.test_maintenance_billing.TestLedger" name="test_member_can_view_own_ledger" time="0.244" /><testcase classname="backend.tests.test_maintenance_billing.TestCollectionDashboard" name="test_get_collection_dashboard" time="0.062" /><testcase classname="backend.tests.test_maintenance_billing.TestCollectionDashboard" name="test_collection_dashboard_with_filters" time="0.134" /><testcase classname="backend.tests.test_maintenance_billing.TestReceipts" name="test_get_receipt" time="0.215" /><testcase classname="backend.tests.test_maintenance_billing.TestOverdueProcessing" name="test_process_overdue_bills" time="0.065" /></testsuite></testsuites>