<?xml version="1.0" encoding="utf-8"?><testsuites name="pytest tests"><testsuite name="pytest" errors="0" failures="1" skipped="0" tests="28" time="9.559" timestamp="2026-02-13T10:18:44.515227+00:00" hostname="agent-env-02573f02-d223-4f6d-b2f9-210c84955a30"><testcase classname="backend.tests.test_api.TestHealthAndSeed" name="test_api_root" time="0.263" /><testcase classname="backend.tests.test_api.TestHealthAndSeed" name="test_seed_data" time="1.876" /><testcase classname="backend.tests.test_api.TestAuthentication" name="test_login_manager_success" time="2.276" /><testcase classname="backend.tests.test_api.TestAuthentication" name="test_login_member_success" time="0.361" /><testcase classname="backend.tests.test_api.TestAuthentication" name="test_login_committee_success" time="0.276" /><testcase classname="backend.tests.test_api.TestAuthentication" name="test_login_auditor_success" time="0.280" /><testcase classname="backend.tests.test_api.TestAuthentication" name="test_login_invalid_credentials" time="0.062" /><testcase classname="backend.tests.test_api.TestAuthentication" name="test_get_current_user" time="0.410" /><testcase classname="backend.tests.test_api.TestSocietyListing" name="test_list_societies_manager" time="0.055" /><testcase classname="backend.tests.test_api.TestSocietyListing" name="test_get_society_details" time="0.110" /><testcase classname="backend.tests.test_api.TestSocietySettings" name="test_update_society_settings_as_manager" time="0.340" /><testcase classname="backend.tests.test_api.TestSocietySettings" name="test_update_society_partial" time="0.163" /><testcase classname="backend.tests.test_api.TestSocietySettings" name="test_update_society_empty_fails" time="0.147" /><testcase classname="backend.tests.test_api.TestSocietyCreation" name="test_create_society" time="0.111" /><testcase classname="backend.tests.test_api.TestMembersManagement" name="test_list_society_members" time="0.131" /><testcase classname="backend.tests.test_api.TestMembersManagement" name="test_update_member_role" time="0.455" /><testcase classname="backend.tests.test_api.TestFlatsManagement" name="test_list_flats" time="0.178" /><testcase classname="backend.tests.test_api.TestFlatMembersAssignment" name="test_list_flat_members" time="0.215" /><testcase classname="backend.tests.test_api.TestFlatMembersAssignment" name="test_add_and_remove_flat_member" time="0.365" /><testcase classname="backend.tests.test_api.TestDashboard" name="test_get_dashboard" time="0.119" /><testcase classname="backend.tests.test_api.TestMaintenanceLedger" name="test_list_maintenance_bills" time="0.149" /><testcase classname="backend.tests.test_api.TestMaintenanceLedger" name="test_get_flat_ledger" time="0.262" /><testcase classname="backend.tests.test_api.TestTransactions" name="test_list_transactions" time="0.179" /><testcase classname="backend.tests.test_api.TestTransactions" name="test_get_categories" time="0.116" /><testcase classname="backend.tests.test_api.TestApprovals" name="test_list_approvals" time="0.179" /><testcase classname="backend.tests.test_api.TestNotifications" name="test_list_notifications" time="0.082" /><testcase classname="backend.tests.test_api.TestReports" name="test_monthly_summary" time="0.154"><failure message="assert 404 == 200&#10; +  where 404 = &lt;Response [404]&gt;.status_code">backend/tests/test_api.py:519: in test_monthly_summary
    assert response.status_code == 200
E   assert 404 == 200
E    +  where 404 = &lt;Response [404]&gt;.status_code</failure></testcase><testcase classname="backend.tests.test_api.TestReports" name="test_category_spending" time="0.151" /></testsuite></testsuites>